<?xml version="1.0" encoding="UTF-8"?>
<!-- Generated by org.testng.reporters.JUnitReportReporter -->
<testsuite hostname="MacBook-Pro.local" failures="0" tests="3" name="com.clarity.qa.testcases.LoginPageTest" time="38.340" errors="0" timestamp="17 May 2021 07:26:49 GMT" skipped="0">
  <testcase classname="com.clarity.qa.testcases.LoginPageTest" name="AssertLoginPageTest" time="12.436"/>
  <testcase classname="com.clarity.qa.testcases.LoginPageTest" name="ValidloginTest" time="9.341"/>
  <testcase classname="com.clarity.qa.testcases.LoginPageTest" name="InvalidLogin" time="16.563"/>
</testsuite> <!-- com.clarity.qa.testcases.LoginPageTest -->
