<?xml version="1.0" encoding="UTF-8"?>
<!-- Generated by org.testng.reporters.JUnitReportReporter -->
<testsuite hostname="MacBook-Pro.local" failures="0" tests="3" name="com.myCare.qa.testcases.SettingsPageTest" time="65.327" errors="0" timestamp="17 May 2021 09:56:46 GMT" skipped="0">
  <testcase classname="com.myCare.qa.testcases.SettingsPageTest" name="PrivacyPolicy" time="29.828"/>
  <testcase classname="com.myCare.qa.testcases.SettingsPageTest" name="TermsOfService" time="23.034"/>
  <testcase classname="com.myCare.qa.testcases.SettingsPageTest" name="ScheduleJob" time="12.465"/>
</testsuite> <!-- com.myCare.qa.testcases.SettingsPageTest -->
