<?xml version="1.0" encoding="UTF-8"?>
<!-- Generated by org.testng.reporters.JUnitReportReporter -->
<testsuite hostname="MacBook-Pro.local" failures="0" tests="2" name="com.myCare.qa.testcases.QuestionnairePageTest" time="30.868" errors="0" timestamp="17 May 2021 09:56:46 GMT" skipped="0">
  <testcase classname="com.myCare.qa.testcases.QuestionnairePageTest" name="CreatQuestionnaireTest" time="16.866"/>
  <testcase classname="com.myCare.qa.testcases.QuestionnairePageTest" name="editQuestionnaireTest" time="14.002"/>
</testsuite> <!-- com.myCare.qa.testcases.QuestionnairePageTest -->
