<?xml version="1.0" encoding="UTF-8"?>
<!-- Generated by org.testng.reporters.JUnitReportReporter -->
<testsuite hostname="MacBook-Pro.local" failures="0" tests="1" name="com.clarity.qa.testcases.DashboardPageTest" time="10.360" errors="0" timestamp="17 May 2021 07:26:49 GMT" skipped="0">
  <testcase classname="com.clarity.qa.testcases.DashboardPageTest" name="DashBoardPageTest" time="10.360"/>
</testsuite> <!-- com.clarity.qa.testcases.DashboardPageTest -->
