<?xml version="1.0" encoding="UTF-8"?>
<!-- Generated by org.testng.reporters.JUnitReportReporter -->
<testsuite hostname="MacBook-Pro.local" failures="0" tests="2" name="com.myCare.qa.testcases.LoginPageTest" time="12.625" errors="0" timestamp="17 May 2021 09:56:46 GMT" skipped="0">
  <testcase classname="com.myCare.qa.testcases.LoginPageTest" name="ValidLoginTest" time="6.236"/>
  <testcase classname="com.myCare.qa.testcases.LoginPageTest" name="InvalidLoginTest" time="6.389"/>
</testsuite> <!-- com.myCare.qa.testcases.LoginPageTest -->
