<?xml version="1.0" encoding="UTF-8"?>
<!-- Generated by org.testng.reporters.JUnitReportReporter -->
<testsuite hostname="MacBook-Pro.local" failures="0" tests="1" name="com.clarity.qa.testcases.SettingsPageTest" time="17.001" errors="0" timestamp="17 May 2021 07:26:49 GMT" skipped="0">
  <testcase classname="com.clarity.qa.testcases.SettingsPageTest" name="SettingPageTest" time="17.001"/>
</testsuite> <!-- com.clarity.qa.testcases.SettingsPageTest -->
