<?xml version="1.0" encoding="UTF-8"?>
<!-- Generated by org.testng.reporters.JUnitReportReporter -->
<testsuite hostname="MacBook-Pro.local" failures="0" tests="2" name="com.crm.qa.testcases.DashboardPageTest" time="3.038" errors="0" timestamp="17 May 2021 01:03:00 GMT" skipped="0">
  <testcase classname="com.crm.qa.testcases.DashboardPageTest" name="DashBoardPageTest" time="2.992"/>
  <testcase classname="com.crm.qa.testcases.DashboardPageTest" name="OnyxLogoTest" time="0.046"/>
</testsuite> <!-- com.crm.qa.testcases.DashboardPageTest -->
