<?xml version="1.0" encoding="UTF-8"?>
<!-- Generated by org.testng.reporters.JUnitReportReporter -->
<testsuite hostname="MacBook-Pro.local" failures="0" tests="4" name="com.crm.qa.testcases.LoginPageTest" time="6.249" errors="0" timestamp="17 May 2021 01:03:00 GMT" skipped="0">
  <testcase classname="com.crm.qa.testcases.LoginPageTest" name="ClarityLogoTest" time="0.037"/>
  <testcase classname="com.crm.qa.testcases.LoginPageTest" name="CreateAccBtnTest" time="0.027"/>
  <testcase classname="com.crm.qa.testcases.LoginPageTest" name="ValidloginTest" time="2.905"/>
  <testcase classname="com.crm.qa.testcases.LoginPageTest" name="InvalidLogin" time="3.280"/>
</testsuite> <!-- com.crm.qa.testcases.LoginPageTest -->
