<?xml version="1.0" encoding="UTF-8"?>
<!-- Generated by org.testng.reporters.JUnitReportReporter -->
<testsuite hostname="MacBook-Pro.local" failures="0" tests="1" name="com.myCare.qa.testcases.DashboardPageTest" time="19.577" errors="0" timestamp="17 May 2021 09:56:46 GMT" skipped="0">
  <testcase classname="com.myCare.qa.testcases.DashboardPageTest" name="DashboardTest" time="19.577"/>
</testsuite> <!-- com.myCare.qa.testcases.DashboardPageTest -->
